======Server Log======
[Client_2:2020-11-23 11:20:46:650413] Making a request to update file
[Client_1:2020-11-23 11:20:46:650548] Making a request to update file
[Replicator_Manager:2020-11-23 11:20:46:665462] Request from Client_2 for update: {'file_name': 'file_test.txt', 'text': 'Text update by Client_2 Client'}
[Replicator_Manager:2020-11-23 11:20:46:665797] Request from Client_1 for update: {'file_name': 'file_test.txt', 'text': 'Text update by Client_1 Client'}
[Replicator_Manager:2020-11-23 11:20:46:669250] Executing request Client_2: {'type': 'update', 'data': {'file_name': 'file_test.txt', 'text': 'Text update by Client_2 Client'}}
[Replicator_Manager:2020-11-23 11:20:46:673211] File 'file_test.txt' successfuly updated :)
[Replicator_Manager:2020-11-23 11:20:46:684445] Sending request Client_2 for Replicator_1
[Replicator_Manager:2020-11-23 11:20:46:684622] Sending request Client_2 for Replicator_2
[Replicator_Manager:2020-11-23 11:20:46:684777] Sending request Client_2 for Replicator_3
[Replicator_1:2020-11-23 11:20:46:692266] Request from Replicator_Manager to update file_test.txt with 'Text update by Client_2 Client'
[Replicator_3:2020-11-23 11:20:46:692437] Request from Replicator_Manager to update file_test.txt with 'Text update by Client_2 Client'
[Replicator_2:2020-11-23 11:20:46:692572] Request from Replicator_Manager to update file_test.txt with 'Text update by Client_2 Client'
[Replicator_1:2020-11-23 11:20:46:696116] File 'file_test.txt' successfuly updated :)
[Replicator_2:2020-11-23 11:20:46:697951] File 'file_test.txt' successfuly updated :)
[Replicator_Manager:2020-11-23 11:20:46:698147] Answer from [Replicator_1][200]: File 'file_test.txt' successfuly updated :)
[Replicator_3:2020-11-23 11:20:46:699318] File 'file_test.txt' successfuly updated :)
[Replicator_Manager:2020-11-23 11:20:46:699944] Answer from [Replicator_2][200]: File 'file_test.txt' successfuly updated :)
[Replicator_Manager:2020-11-23 11:20:46:701348] Answer from [Replicator_3][200]: File 'file_test.txt' successfuly updated :)
[Replicator_Manager:2020-11-23 11:20:46:706533] Executing request Client_1: {'type': 'update', 'data': {'file_name': 'file_test.txt', 'text': 'Text update by Client_1 Client'}}
[Client_2:2020-11-23 11:20:46:709619] Answer from [Replicator_Manager][200]: File 'file_test.txt' successfuly updated :)
[Replicator_Manager:2020-11-23 11:20:46:712494] File 'file_test.txt' successfuly updated :)
[Replicator_Manager:2020-11-23 11:20:46:717727] Sending request Client_1 for Replicator_1
[Replicator_Manager:2020-11-23 11:20:46:720739] Sending request Client_1 for Replicator_2
[Replicator_Manager:2020-11-23 11:20:46:720955] Sending request Client_1 for Replicator_3
[Replicator_1:2020-11-23 11:20:46:726234] Request from Replicator_Manager to update file_test.txt with 'Text update by Client_1 Client'
[Replicator_3:2020-11-23 11:20:46:728687] Request from Replicator_Manager to update file_test.txt with 'Text update by Client_1 Client'
[Replicator_2:2020-11-23 11:20:46:728866] Request from Replicator_Manager to update file_test.txt with 'Text update by Client_1 Client'
[Replicator_1:2020-11-23 11:20:46:730095] File 'file_test.txt' successfuly updated :)
[Replicator_Manager:2020-11-23 11:20:46:731543] Answer from [Replicator_1][200]: File 'file_test.txt' successfuly updated :)
[Replicator_2:2020-11-23 11:20:46:732596] File 'file_test.txt' successfuly updated :)
[Replicator_3:2020-11-23 11:20:46:732764] File 'file_test.txt' successfuly updated :)
[Replicator_Manager:2020-11-23 11:20:46:734348] Answer from [Replicator_2][200]: File 'file_test.txt' successfuly updated :)
[Replicator_Manager:2020-11-23 11:20:46:734781] Answer from [Replicator_3][200]: File 'file_test.txt' successfuly updated :)
[Client_1:2020-11-23 11:20:46:741855] Answer from [Replicator_Manager][200]: File 'file_test.txt' successfuly updated :)